<?xml version="1.0" encoding="UTF-8"?>
<!-- Generated by org.testng.reporters.JUnitReportReporter -->
<testsuite name="com.testcase.LoginDemoApp" tests="3" time="10.557" ignored="0" failures="0" timestamp="30 Jan 2021 22:19:57 GMT" skipped="0" hostname="Dell" errors="0">
  <testcase name="Demo" time="0.624" classname="com.testcase.LoginDemoApp"/>
  <testcase name="loginApp" time="9.272" classname="com.testcase.LoginDemoApp"/>
  <testcase name="loginAppAgain" time="0.661" classname="com.testcase.LoginDemoApp"/>
</testsuite> <!-- com.testcase.LoginDemoApp -->
