<?xml version="1.0" encoding="UTF-8"?>
<!-- Generated by org.testng.reporters.JUnitReportReporter -->
<testsuite name="com.testcase.LoginDemoApp" tests="3" time="37.235" ignored="0" failures="0" timestamp="06 Feb 2021 12:37:12 GMT" skipped="0" hostname="Dell" errors="0">
  <testcase name="loginAppAgain" time="1.195" classname="com.testcase.LoginDemoApp"/>
  <testcase name="loginApp" time="34.984" classname="com.testcase.LoginDemoApp"/>
  <testcase name="Demo" time="1.056" classname="com.testcase.LoginDemoApp"/>
</testsuite> <!-- com.testcase.LoginDemoApp -->
