<?xml version="1.0" encoding="UTF-8"?>
<!-- Generated by org.testng.reporters.JUnitReportReporter -->
<testsuite name="com.testcase.LoginDemoApp" tests="3" time="17.471" ignored="0" failures="0" timestamp="13 Feb 2021 00:42:40 GMT" skipped="0" hostname="Dell" errors="0">
  <testcase name="loginAppAgain" time="0.682" classname="com.testcase.LoginDemoApp"/>
  <testcase name="loginApp" time="16.112" classname="com.testcase.LoginDemoApp"/>
  <testcase name="Demo" time="0.677" classname="com.testcase.LoginDemoApp"/>
</testsuite> <!-- com.testcase.LoginDemoApp -->
